0 info it worked if it ends with ok
1 verbose cli [ '/usr/bin/nodejs', '/usr/bin/npm', 'run', 'kss' ]
2 info using npm@3.5.2
3 info using node@v4.2.6
4 verbose run-script [ 'prekss', 'kss', 'postkss' ]
5 info lifecycle webslides@1.3.1~prekss: webslides@1.3.1
6 silly lifecycle webslides@1.3.1~prekss: no script for prekss, continuing
7 info lifecycle webslides@1.3.1~kss: webslides@1.3.1
8 verbose lifecycle webslides@1.3.1~kss: unsafe-perm in lifecycle true
9 verbose lifecycle webslides@1.3.1~kss: PATH: /usr/share/npm/bin/node-gyp-bin:/home/displaynone/Proyectos/WebSlides/node_modules/.bin:/home/displaynone/bin:/home/displaynone/.local/bin:/usr/local/sbin:/usr/local/bin:/usr/sbin:/usr/bin:/sbin:/bin:/usr/games:/usr/local/games:/snap/bin
10 verbose lifecycle webslides@1.3.1~kss: CWD: /home/displaynone/Proyectos/WebSlides
11 silly lifecycle webslides@1.3.1~kss: Args: [ '-c', 'npm-run-all -p kss:*' ]
12 silly lifecycle webslides@1.3.1~kss: Returned: code: 1  signal: null
13 info lifecycle webslides@1.3.1~kss: Failed to exec kss script
14 verbose stack Error: webslides@1.3.1 kss: `npm-run-all -p kss:*`
14 verbose stack Exit status 1
14 verbose stack     at EventEmitter.<anonymous> (/usr/share/npm/lib/utils/lifecycle.js:232:16)
14 verbose stack     at emitTwo (events.js:87:13)
14 verbose stack     at EventEmitter.emit (events.js:172:7)
14 verbose stack     at ChildProcess.<anonymous> (/usr/share/npm/lib/utils/spawn.js:24:14)
14 verbose stack     at emitTwo (events.js:87:13)
14 verbose stack     at ChildProcess.emit (events.js:172:7)
14 verbose stack     at maybeClose (internal/child_process.js:821:16)
14 verbose stack     at Process.ChildProcess._handle.onexit (internal/child_process.js:211:5)
15 verbose pkgid webslides@1.3.1
16 verbose cwd /home/displaynone/Proyectos/WebSlides
17 error Linux 4.10.0-35-generic
18 error argv "/usr/bin/nodejs" "/usr/bin/npm" "run" "kss"
19 error node v4.2.6
20 error npm  v3.5.2
21 error code ELIFECYCLE
22 error webslides@1.3.1 kss: `npm-run-all -p kss:*`
22 error Exit status 1
23 error Failed at the webslides@1.3.1 kss script 'npm-run-all -p kss:*'.
23 error Make sure you have the latest version of node.js and npm installed.
23 error If you do, this is most likely a problem with the webslides package,
23 error not with npm itself.
23 error Tell the author that this fails on your system:
23 error     npm-run-all -p kss:*
23 error You can get information on how to open an issue for this project with:
23 error     npm bugs webslides
23 error Or if that isn't available, you can get their info via:
23 error     npm owner ls webslides
23 error There is likely additional logging output above.
24 verbose exit [ 1, true ]
